[2026-06-12 19:03:02] BKASH IPN Received {"method":"GET","url":"https:\/\/gnet.tbotechno.xyz\/resellerportal\/webhook.php","body":""}
[2026-06-12 19:03:02] Invalid JSON {"content":""}
[2026-06-12 19:04:39] BKASH IPN Received {"method":"GET","url":"https:\/\/gnet.tbotechno.xyz\/resellerportal\/webhook.php","body":""}
[2026-06-12 19:04:39] Invalid JSON {"content":""}
[2026-06-14 07:27:33] BKASH IPN Received {"method":"GET","url":"https:\/\/gnet.tbotechno.xyz\/resellerportal\/webhook.php","body":""}
[2026-06-14 07:27:33] Invalid JSON {"content":""}
[2026-06-14 07:28:02] BKASH IPN Received {"method":"GET","url":"https:\/\/gnet.tbotechno.xyz\/resellerportal\/webhook.php","body":""}
[2026-06-14 07:28:02] Invalid JSON {"content":""}
[2026-06-14 07:28:21] BKASH IPN Received {"method":"GET","url":"https:\/\/gnet.tbotechno.xyz\/resellerportal\/webhook.php","body":""}
[2026-06-14 07:28:21] Invalid JSON {"content":""}
[2026-06-18 12:42:03] BKASH IPN Received {"method":"GET","url":"https:\/\/gnet.tbotechno.xyz\/resellerportal\/webhook.php","body":""}
[2026-06-18 12:42:03] Invalid JSON {"content":""}
[2026-06-18 12:42:05] BKASH IPN Received {"method":"GET","url":"https:\/\/gnet.tbotechno.xyz\/resellerportal\/webhook.php","body":""}
[2026-06-18 12:42:05] Invalid JSON {"content":""}
[2026-06-20 14:11:38] BKASH IPN Received {"method":"GET","url":"https:\/\/gnet.tbotechno.xyz\/resellerportal\/webhook.php","body":""}
[2026-06-20 14:11:38] Invalid JSON {"content":""}
[2026-06-21 04:46:00] BKASH IPN Received {"method":"POST","url":"https:\/\/gnet.tbotechno.xyz\/resellerportal\/webhook.php","body":"{\n  \"Type\" : \"SubscriptionConfirmation\",\n  \"MessageId\" : \"6f9f9f92-534a-4fee-aaa8-eacf6cffe6b2\",\n  \"Token\" : \"2336412f37fb687f5d51e6e2425929f52bf0d46ec9a3b2fd818bc339e19fbff9f49f7201542bdb8e2c12d1d2cd2c3189def7363723a3991280031af9014ba60d3ad72de8d09b1220d31c3d0532c5234dd6ba1d0fd4fbd50cf5732b406fc81626a539f3e82753a387334fadba8db72773dcb0708d50db64919505baafe7d029a6\",\n  \"TopicArn\" : \"arn:aws:sns:ap-southeast-1:797962984373:bpt_01347317788\",\n  \"Message\" : \"You have chosen to subscribe to the topic arn:aws:sns:ap-southeast-1:797962984373:bpt_01347317788.\\nTo confirm the subscription, visit the SubscribeURL included in this message.\",\n  \"SubscribeURL\" : \"https:\/\/sns.ap-southeast-1.amazonaws.com\/?Action=ConfirmSubscription&TopicArn=arn:aws:sns:ap-southeast-1:797962984373:bpt_01347317788&Token=2336412f37fb687f5d51e6e2425929f52bf0d46ec9a3b2fd818bc339e19fbff9f49f7201542bdb8e2c12d1d2cd2c3189def7363723a3991280031af9014ba60d3ad72de8d09b1220d31c3d0532c5234dd6ba1d0fd4fbd50cf5732b406fc81626a539f3e82753a387334fadba8db72773dcb0708d50db64919505baafe7d029a6\",\n  \"Timestamp\" : \"2026-06-21T04:45:59.883Z\",\n  \"SignatureVersion\" : \"1\",\n  \"Signature\" : \"EuHZWFbOwxsmvDgWPvXy2J7Sv9Hwad+Yr85nz0YfpYOKup2k2XHP6yrNYZlPl1CW3LQ1khqmEf74lyem3ifhXai8UJHbGBaWntUdHstAKM4nTYd28kew+P5fb7jzWYkYiKv2pRjgiGFG5I5r+qwd86AQzF8q9HrcNNHxp0Ak46R9zhV75vl2ehxDLvaWxZpUkVPEwE8IaCzKupPvhRlzNwLePC4I2yDG9l\/\/gf1HwpXew5ykufzsJ\/Y2gHwsoxkV35rB9QtV\/eAAB8pe8X2rk5NKM4jssJs4H1+LSTFiygWPFXVh\/6frtfbUI7Ur9yNyhBE2kQQxCGj8emW4xpG6uA==\",\n  \"SigningCertURL\" : \"https:\/\/sns.ap-southeast-1.amazonaws.com\/SimpleNotificationService-7506a1e35b36ef5a444dd1a8e7cc3ed8.pem\"\n}"}
[2026-06-21 04:46:00] Message Type {"type":"SubscriptionConfirmation"}
[2026-06-21 04:46:00] Subscription Confirmed {"url":"https:\/\/sns.ap-southeast-1.amazonaws.com\/?Action=ConfirmSubscription&TopicArn=arn:aws:sns:ap-southeast-1:797962984373:bpt_01347317788&Token=2336412f37fb687f5d51e6e2425929f52bf0d46ec9a3b2fd818bc339e19fbff9f49f7201542bdb8e2c12d1d2cd2c3189def7363723a3991280031af9014ba60d3ad72de8d09b1220d31c3d0532c5234dd6ba1d0fd4fbd50cf5732b406fc81626a539f3e82753a387334fadba8db72773dcb0708d50db64919505baafe7d029a6","status":200}
[2026-06-21 05:28:51] BKASH IPN Received {"method":"POST","url":"https:\/\/gnet.tbotechno.xyz\/resellerportal\/webhook.php","body":"{\n  \"Type\" : \"Notification\",\n  \"MessageId\" : \"84dddf7e-9dc6-568c-a693-bdcfe515cf7b\",\n  \"TopicArn\" : \"arn:aws:sns:ap-southeast-1:797962984373:bpt_01347317788\",\n  \"Message\" : \"{\\\"debitMSISDN\\\":\\\"01926616514\\\",\\\"creditOrganizationName\\\":\\\"G NET SERVICE-RM69117\\\",\\\"creditShortCode\\\":\\\"01347317788\\\",\\\"dateTime\\\":\\\"20260621112851\\\",\\\"trxID\\\":\\\"DFL9J8SH1L\\\",\\\"transactionStatus\\\":\\\"Completed\\\",\\\"transactionType\\\":\\\"10002294\\\",\\\"transactionReference\\\":\\\"Ashraful\\\",\\\"currency\\\":\\\"BDT\\\",\\\"amount\\\":\\\"300.0\\\",\\\"serviceFee\\\":\\\"0.0\\\"}\",\n  \"Timestamp\" : \"2026-06-21T05:28:51.320Z\",\n  \"SignatureVersion\" : \"1\",\n  \"Signature\" : \"oHhEIPZFu1xHQ2anJZQ9R58TjDo6n9auo26aNyDW9rXvpjfomiiJWwBaIhOo17uAg4xWQNsTq1E9dE2xXYDH+cB+MPjuhVN57A2dxtfXwyntN8atTU4UFfvyAsq9iqSxXTHFNsFx0ndQuvrDdREhPfS63Z1OFU7tkq82TuG016K4dYYhpN80ZQEa4MEI4ZjJToYVq1weHxh69ZfjyM\/RIatB+fOa9pp+LHrZhSGJGs4K2Uflq37D+skSCHI2+e9Ccs\/D3xSnXS6keDFvJO1MYxnuIi8fDlMQM+sfUM6Y\/Cz+FwYiGPknh3+OTb7+fd1aqPH3sunmsvBPk9Ia6qdNyg==\",\n  \"SigningCertURL\" : \"https:\/\/sns.ap-southeast-1.amazonaws.com\/SimpleNotificationService-7506a1e35b36ef5a444dd1a8e7cc3ed8.pem\",\n  \"UnsubscribeURL\" : \"https:\/\/sns.ap-southeast-1.amazonaws.com\/?Action=Unsubscribe&SubscriptionArn=arn:aws:sns:ap-southeast-1:797962984373:bpt_01347317788:ac79c875-8a35-4b1e-8583-9825f382049f\",\n  \"MessageAttributes\" : {\n    \"_datadog\" : {\"Type\":\"Binary\",\"Value\":\"eyJ4LWRhdGFkb2ctdHJhY2UtaWQiOiIyMDQyMDUwNDkxMzM1MjQ3MDY1IiwieC1kYXRhZG9nLXBhcmVudC1pZCI6IjY2NDMwMjI0MTQ0ODc2ODAzMSIsIngtZGF0YWRvZy1zYW1wbGluZy1wcmlvcml0eSI6IjAiLCJ4LWRhdGFkb2ctdGFncyI6Il9kZC5wLnRpZD02YTM3NzY5MzAwMDAwMDAwIiwidHJhY2VwYXJlbnQiOiIwMC02YTM3NzY5MzAwMDAwMDAwMWM1NmQyMWE0NTczMDRkOS0wOTM4MTM1ZTc1MGNiMjFmLTAwIiwidHJhY2VzdGF0ZSI6ImRkPXM6MDtwOjA5MzgxMzVlNzUwY2IyMWY7dC50aWQ6NmEzNzc2OTMwMDAwMDAwMCJ9\"}\n  }\n}"}
[2026-06-21 05:28:51] Message Type {"type":"Notification"}
[2026-06-21 05:28:51] Payment Successful {"trxID":"DFL9J8SH1L","invoice":null,"amount":"300.0"}
[2026-06-21 05:28:51] Customer Not Found {"reference":"Ashraful","trxID":"DFL9J8SH1L"}
